<!DOCTYPE html PUBLIC "-//W3C//DTD XHTML 1.1//EN" "https://www.w3.org/TR/xhtml11/DTD/xhtml11.dtd">
<html xmlns="https://www.w3.org/1999/xhtml">
<head>
<meta http-equiv="content-type" content="text/html; charset=UTF-8"/>
<title>TestNG Report</title>
<style type="text/css">table {margin-bottom:10px;border-collapse:collapse;empty-cells:show}th,td {border:1px solid #009;padding:.25em .5em}th {vertical-align:bottom}td {vertical-align:top}table a {font-weight:bold}.stripe td {background-color: #E6EBF9}.num {text-align:right}.passedodd td {background-color: #3F3}.passedeven td {background-color: #0A0}.skippedodd td {background-color: #DDD}.skippedeven td {background-color: #CCC}.failedodd td,.attn {background-color: #F33}.failedeven td,.stripe .attn {background-color: #D00}.stacktrace {white-space:pre;font-family:monospace}.totop {font-size:85%;text-align:center;border-bottom:2px solid #000}.invisible {display:none}</style>
</head>
<body>
<table>
<tr><th>Test</th><th># Passed</th><th># Skipped</th><th># Retried</th><th># Failed</th><th>Time (ms)</th><th>Included Groups</th><th>Excluded Groups</th></tr>
<tr><th colspan="8">SolveProblem23</th></tr>
<tr><td><a href="#t0">Problem23</a></td><td class="num">5</td><td class="num attn">3</td><td class="num">0</td><td class="num attn">2</td><td class="num">32,742</td><td></td><td></td></tr>
</table>
<table id='summary'><thead><tr><th>Class</th><th>Method</th><th>Start</th><th>Time (ms)</th></tr></thead><tbody><tr><th colspan="4">SolveProblem23</th></tr></tbody><tbody id="t0"><tr><th colspan="4">Problem23 &#8212; failed</th></tr><tr class="failedeven"><td rowspan="2">com.devinarena.SolverTest</td><td><a href="#m0">attemptSolve</a></td><td rowspan="1">1681527333635</td><td rowspan="1">2562</td></tr><tr class="failedeven"><td><a href="#m1">failProblem</a></td><td rowspan="1">1681527328562</td><td rowspan="1">5068</td></tr><tr><th colspan="4">Problem23 &#8212; skipped</th></tr><tr class="skippedeven"><td rowspan="3">com.devinarena.SignoutTest</td><td><a href="#m2">confirmSignoutTest</a></td><td rowspan="1">1681527336200</td><td rowspan="1">0</td></tr><tr class="skippedeven"><td><a href="#m3">screenshotPageTest</a></td><td rowspan="1">1681527336200</td><td rowspan="1">0</td></tr><tr class="skippedeven"><td><a href="#m4">signoutTest</a></td><td rowspan="1">1681527336199</td><td rowspan="1">0</td></tr><tr><th colspan="4">Problem23 &#8212; passed</th></tr><tr class="passedeven"><td rowspan="3">com.devinarena.NavigateTest</td><td><a href="#m5">findProblemTest</a></td><td rowspan="1">1681527316099</td><td rowspan="1">8693</td></tr><tr class="passedeven"><td><a href="#m6">loginTest</a></td><td rowspan="1">1681527309888</td><td rowspan="1">6209</td></tr><tr class="passedeven"><td><a href="#m7">navigateTest</a></td><td rowspan="1">1681527305157</td><td rowspan="1">4727</td></tr><tr class="passedodd"><td rowspan="2">com.devinarena.SolverTest</td><td><a href="#m8">changeLanguageTest</a></td><td rowspan="1">1681527324795</td><td rowspan="1">1636</td></tr><tr class="passedodd"><td><a href="#m9">clearPrevious</a></td><td rowspan="1">1681527326432</td><td rowspan="1">2129</td></tr></tbody>
</table>
<h2>Problem23</h2><h3 id="m0">com.devinarena.SolverTest#attemptSolve</h3><table class="result"><tr class="param"><th>Parameter #1</th></tr><tr class="param stripe"><td>23</td></tr><tr><th>Exception</th></tr><tr><td><div class="stacktrace">org.openqa.selenium.NoSuchWindowException: no such window: target window already closed
from unknown error: web view not found
  (Session info: chrome=111.0.5563.147)
Build info: version: &apos;4.8.3&apos;, revision: &apos;e5e76298c3&apos;
System info: os.name: &apos;Windows 10&apos;, os.arch: &apos;amd64&apos;, os.version: &apos;10.0&apos;, java.version: &apos;17.0.2&apos;
Driver info: org.openqa.selenium.chrome.ChromeDriver
Command: [c86b4d815f7a5f33917616f0a880e5fd, findElement {using=xpath, value=//*[@id=&quot;qd-content&quot;]/div[3]}]
Capabilities {acceptInsecureCerts: false, browserName: chrome, browserVersion: 111.0.5563.147, chrome: {chromedriverVersion: 111.0.5563.64 (c710e93d5b63..., userDataDir: C:\Users\devin\AppData\Loca...}, goog:chromeOptions: {debuggerAddress: localhost:49597}, networkConnectionEnabled: false, pageLoadStrategy: normal, platformName: WINDOWS, proxy: Proxy(), se:cdp: ws://localhost:49597/devtoo..., se:cdpVersion: 111.0.5563.147, setWindowRect: true, strictFileInteractability: false, timeouts: {implicit: 0, pageLoad: 300000, script: 30000}, unhandledPromptBehavior: dismiss and notify, webauthn:extension:credBlob: true, webauthn:extension:largeBlob: true, webauthn:extension:minPinLength: true, webauthn:extension:prf: true, webauthn:virtualAuthenticators: true}
Session ID: c86b4d815f7a5f33917616f0a880e5fd
	at org.openqa.selenium.remote.codec.w3c.W3CHttpResponseCodec.createException(W3CHttpResponseCodec.java:200)
	at org.openqa.selenium.remote.codec.w3c.W3CHttpResponseCodec.decode(W3CHttpResponseCodec.java:133)
	at org.openqa.selenium.remote.codec.w3c.W3CHttpResponseCodec.decode(W3CHttpResponseCodec.java:53)
	at org.openqa.selenium.remote.HttpCommandExecutor.execute(HttpCommandExecutor.java:193)
	at org.openqa.selenium.remote.service.DriverCommandExecutor.invokeExecute(DriverCommandExecutor.java:183)
	at org.openqa.selenium.remote.service.DriverCommandExecutor.execute(DriverCommandExecutor.java:158)
	at org.openqa.selenium.remote.RemoteWebDriver.execute(RemoteWebDriver.java:543)
	at org.openqa.selenium.remote.ElementLocation$ElementFinder$2.findElement(ElementLocation.java:162)
	at org.openqa.selenium.remote.ElementLocation.findElement(ElementLocation.java:60)
	at org.openqa.selenium.remote.RemoteWebDriver.findElement(RemoteWebDriver.java:352)
	at org.openqa.selenium.remote.RemoteWebDriver.findElement(RemoteWebDriver.java:344)
	at com.devinarena.LeetCoder.getElement(LeetCoder.java:40)
	at com.devinarena.LeetCoder.click(LeetCoder.java:58)
	at com.devinarena.SolverTest.attemptSolve(SolverTest.java:72)
	at java.base/java.util.ArrayList.forEach(ArrayList.java:1511)
... Removed 36 stack frames</div></td></tr></table><p class="totop"><a href="#summary">back to summary</a></p>
<h3 id="m1">com.devinarena.SolverTest#failProblem</h3><table class="result"><tr><th>Exception</th></tr><tr><td><div class="stacktrace">org.openqa.selenium.NoSuchElementException: no such element: Unable to locate element: {&quot;method&quot;:&quot;xpath&quot;,&quot;selector&quot;:&quot;//*[@id=&quot;qd-content&quot;]/div[3]/div/div[3]/div/div/div[1]/div/div[3]/div[4]&quot;}
  (Session info: chrome=111.0.5563.147)
For documentation on this error, please visit: https://selenium.dev/exceptions/#no_such_element
Build info: version: &apos;4.8.3&apos;, revision: &apos;e5e76298c3&apos;
System info: os.name: &apos;Windows 10&apos;, os.arch: &apos;amd64&apos;, os.version: &apos;10.0&apos;, java.version: &apos;17.0.2&apos;
Driver info: org.openqa.selenium.chrome.ChromeDriver
Command: [c86b4d815f7a5f33917616f0a880e5fd, findElement {using=xpath, value=//*[@id=&quot;qd-content&quot;]/div[3]/div/div[3]/div/div/div[1]/div/div[3]/div[4]}]
Capabilities {acceptInsecureCerts: false, browserName: chrome, browserVersion: 111.0.5563.147, chrome: {chromedriverVersion: 111.0.5563.64 (c710e93d5b63..., userDataDir: C:\Users\devin\AppData\Loca...}, goog:chromeOptions: {debuggerAddress: localhost:49597}, networkConnectionEnabled: false, pageLoadStrategy: normal, platformName: WINDOWS, proxy: Proxy(), se:cdp: ws://localhost:49597/devtoo..., se:cdpVersion: 111.0.5563.147, setWindowRect: true, strictFileInteractability: false, timeouts: {implicit: 0, pageLoad: 300000, script: 30000}, unhandledPromptBehavior: dismiss and notify, webauthn:extension:credBlob: true, webauthn:extension:largeBlob: true, webauthn:extension:minPinLength: true, webauthn:extension:prf: true, webauthn:virtualAuthenticators: true}
Session ID: c86b4d815f7a5f33917616f0a880e5fd
	at org.openqa.selenium.remote.codec.w3c.W3CHttpResponseCodec.createException(W3CHttpResponseCodec.java:200)
	at org.openqa.selenium.remote.codec.w3c.W3CHttpResponseCodec.decode(W3CHttpResponseCodec.java:133)
	at org.openqa.selenium.remote.codec.w3c.W3CHttpResponseCodec.decode(W3CHttpResponseCodec.java:53)
	at org.openqa.selenium.remote.HttpCommandExecutor.execute(HttpCommandExecutor.java:193)
	at org.openqa.selenium.remote.service.DriverCommandExecutor.invokeExecute(DriverCommandExecutor.java:183)
	at org.openqa.selenium.remote.service.DriverCommandExecutor.execute(DriverCommandExecutor.java:158)
	at org.openqa.selenium.remote.RemoteWebDriver.execute(RemoteWebDriver.java:543)
	at org.openqa.selenium.remote.ElementLocation$ElementFinder$2.findElement(ElementLocation.java:162)
	at org.openqa.selenium.remote.ElementLocation.findElement(ElementLocation.java:60)
	at org.openqa.selenium.remote.RemoteWebDriver.findElement(RemoteWebDriver.java:352)
	at org.openqa.selenium.remote.RemoteWebDriver.findElement(RemoteWebDriver.java:344)
	at com.devinarena.LeetCoder.getElement(LeetCoder.java:40)
	at com.devinarena.LeetCoder.click(LeetCoder.java:58)
	at com.devinarena.SolverTest.failProblem(SolverTest.java:56)
	at java.base/java.util.ArrayList.forEach(ArrayList.java:1511)
... Removed 36 stack frames</div></td></tr></table><p class="totop"><a href="#summary">back to summary</a></p>
<h3 id="m2">com.devinarena.SignoutTest#confirmSignoutTest</h3><table class="result"><tr><th>Exception</th></tr><tr><td><div class="stacktrace">java.lang.Throwable: Method SignoutTest.confirmSignoutTest()[pri:3, instance:com.devinarena.SignoutTest@6069db50] depends on not successfully finished methods in group &quot;solve-problem&quot;
	at java.base/java.util.ArrayList.forEach(ArrayList.java:1511)
... Removed 22 stack frames</div></td></tr></table><p class="totop"><a href="#summary">back to summary</a></p>
<h3 id="m3">com.devinarena.SignoutTest#screenshotPageTest</h3><table class="result"><tr><th>Exception</th></tr><tr><td><div class="stacktrace">java.lang.Throwable: Method SignoutTest.screenshotPageTest()[pri:2, instance:com.devinarena.SignoutTest@6069db50] depends on not successfully finished methods in group &quot;solve-problem&quot;
	at java.base/java.util.ArrayList.forEach(ArrayList.java:1511)
... Removed 22 stack frames</div></td></tr></table><p class="totop"><a href="#summary">back to summary</a></p>
<h3 id="m4">com.devinarena.SignoutTest#signoutTest</h3><table class="result"><tr><th>Exception</th></tr><tr><td><div class="stacktrace">java.lang.Throwable: Method SignoutTest.signoutTest()[pri:1, instance:com.devinarena.SignoutTest@6069db50] depends on not successfully finished methods in group &quot;solve-problem&quot;
	at java.base/java.util.ArrayList.forEach(ArrayList.java:1511)
... Removed 22 stack frames</div></td></tr></table><p class="totop"><a href="#summary">back to summary</a></p>
<h3 id="m5">com.devinarena.NavigateTest#findProblemTest</h3><table class="result"><tr class="param"><th>Parameter #1</th></tr><tr class="param stripe"><td>23. Merge k Sorted Lists</td></tr></table><p class="totop"><a href="#summary">back to summary</a></p>
<h3 id="m6">com.devinarena.NavigateTest#loginTest</h3><table class="result"><tr><th class="invisible"/></tr></table><p class="totop"><a href="#summary">back to summary</a></p>
<h3 id="m7">com.devinarena.NavigateTest#navigateTest</h3><table class="result"><tr><th class="invisible"/></tr></table><p class="totop"><a href="#summary">back to summary</a></p>
<h3 id="m8">com.devinarena.SolverTest#changeLanguageTest</h3><table class="result"><tr class="param"><th>Parameter #1</th></tr><tr class="param stripe"><td>python</td></tr></table><p class="totop"><a href="#summary">back to summary</a></p>
<h3 id="m9">com.devinarena.SolverTest#clearPrevious</h3><table class="result"><tr><th class="invisible"/></tr></table><p class="totop"><a href="#summary">back to summary</a></p>
</body>
</html>
